<?xml version="1.0" encoding="UTF-8"?>
<!-- Generated by org.testng.reporters.JUnitReportReporter -->
<testsuite hostname="LAPTOP-00K4GI6E" failures="0" tests="3" name="testcase.testscripts" time="95.200" errors="0" timestamp="2021-11-18T18:17:38 IST" skipped="0">
  <testcase classname="testcase.testscripts" name="RoomBooking" time="35.045"/>
  <system-out>
    <![CDATA[The name of hotel is: Hotel Carnation. The Hotel count is:8]]>
  </system-out>
  <testcase classname="testcase.testscripts" name="RoomMenu" time="31.942"/>
  <system-out>
    <![CDATA[The Hotel Name is  Vinayaga Inn by Poppys]]>
  </system-out>
  <testcase classname="testcase.testscripts" name="filter" time="28.213"/>
  <system-out/>
</testsuite> <!-- testcase.testscripts -->
